<?xml version="1.0" encoding="UTF-8"?>
<!-- Generated by org.testng.reporters.JUnitReportReporter -->
<testsuite skipped="0" hostname="SRUSUM-IN" name="com.teja.web.Facebook" tests="1" failures="0" timestamp="2020-08-25T20:53:46 IST" time="0.006" errors="0">
  <testcase name="test003_facebookLogout" time="0.006" classname="com.teja.web.Facebook"/>
</testsuite> <!-- com.teja.web.Facebook -->
