<?xml version="1.0" encoding="UTF-8"?>
<!-- Generated by org.testng.reporters.JUnitReportReporter -->
<testsuite skipped="0" hostname="SRUSUM-IN" name="com.teja.extentreport.ExtentReportUtil" tests="1" failures="0" timestamp="2020-08-25T19:57:12 IST" time="10.868" errors="0">
  <testcase name="initialDemo" time="10.868" classname="com.teja.extentreport.ExtentReportUtil"/>
</testsuite> <!-- com.teja.extentreport.ExtentReportUtil -->
